<?xml version="1.0" encoding="UTF-8"?>
<testng-results skipped="0" failed="0" total="1" passed="1">
  <reporter-output>
  </reporter-output>
  <suite name="Default suite" duration-ms="12775" started-at="2017-04-23T07:05:55Z" finished-at="2017-04-23T07:06:08Z">
    <groups>
    </groups>
    <test name="Default test" duration-ms="12775" started-at="2017-04-23T07:05:55Z" finished-at="2017-04-23T07:06:08Z">
      <class name="com.bcone.punetimetracking.testscripts.PuneTimeTrackingForm">
        <test-method status="PASS" signature="setUp()[pri:0, instance:com.bcone.punetimetracking.testscripts.PuneTimeTrackingForm@47c62251]" name="setUp" is-config="true" duration-ms="7387" started-at="2017-04-23T12:35:55Z" finished-at="2017-04-23T12:36:03Z">
          <reporter-output>
          </reporter-output>
        </test-method> <!-- setUp -->
        <test-method status="PASS" signature="submitForm(java.lang.String, java.lang.String, java.lang.String, java.lang.String, java.lang.String)[pri:0, instance:com.bcone.punetimetracking.testscripts.PuneTimeTrackingForm@47c62251]" name="submitForm" duration-ms="4717" started-at="2017-04-23T12:36:03Z" data-provider="excelData" finished-at="2017-04-23T12:36:08Z">
          <params>
            <param index="0">
              <value>
                <![CDATA[Shriya Sharma]]>
              </value>
            </param>
            <param index="1">
              <value>
                <![CDATA[New Setup Request]]>
              </value>
            </param>
            <param index="2">
              <value>
                <![CDATA[Premier]]>
              </value>
            </param>
            <param index="3">
              <value>
                <![CDATA[FICS-123]]>
              </value>
            </param>
            <param index="4">
              <value>
                <![CDATA[1.0]]>
              </value>
            </param>
          </params>
          <reporter-output>
          </reporter-output>
        </test-method> <!-- submitForm -->
      </class> <!-- com.bcone.punetimetracking.testscripts.PuneTimeTrackingForm -->
    </test> <!-- Default test -->
  </suite> <!-- Default suite -->
</testng-results>
